# Hyperspeedcube crash report

panicked at hyperspeedcube/src/main.rs:65:5:
bah!

   0: std::backtrace_rs::backtrace::libunwind::trace
             at /rustc/f6e511eec7342f59a25f7c0534f1dbea00d01b14/library/std/src/../../backtrace/src/backtrace/libunwind.rs:116:5
   1: std::backtrace_rs::backtrace::trace_unsynchronized
             at /rustc/f6e511eec7342f59a25f7c0534f1dbea00d01b14/library/std/src/../../backtrace/src/backtrace/mod.rs:66:5
   2: std::backtrace::Backtrace::create
             at /rustc/f6e511eec7342f59a25f7c0534f1dbea00d01b14/library/std/src/backtrace.rs:331:13
   3: hyperpanic::install_hook::{{closure}}
             at ./hyperpanic/src/lib.rs:4:25
   4: <alloc::boxed::Box<F,A> as core::ops::function::Fn<Args>>::call
             at /rustc/f6e511eec7342f59a25f7c0534f1dbea00d01b14/library/alloc/src/boxed.rs:2245:9
   5: std::panicking::rust_panic_with_hook
             at /rustc/f6e511eec7342f59a25f7c0534f1dbea00d01b14/library/std/src/panicking.rs:805:13
   6: std::panicking::begin_panic_handler::{{closure}}
             at /rustc/f6e511eec7342f59a25f7c0534f1dbea00d01b14/library/std/src/panicking.rs:664:13
   7: std::sys::backtrace::__rust_end_short_backtrace
             at /rustc/f6e511eec7342f59a25f7c0534f1dbea00d01b14/library/std/src/sys/backtrace.rs:170:18
   8: rust_begin_unwind
             at /rustc/f6e511eec7342f59a25f7c0534f1dbea00d01b14/library/std/src/panicking.rs:662:5
   9: core::panicking::panic_fmt
             at /rustc/f6e511eec7342f59a25f7c0534f1dbea00d01b14/library/core/src/panicking.rs:74:14
  10: hyperspeedcube::main
             at ./hyperspeedcube/src/main.rs:65:5
  11: core::ops::function::FnOnce::call_once
             at /rustc/f6e511eec7342f59a25f7c0534f1dbea00d01b14/library/core/src/ops/function.rs:250:5
  12: std::sys::backtrace::__rust_begin_short_backtrace
             at /rustc/f6e511eec7342f59a25f7c0534f1dbea00d01b14/library/std/src/sys/backtrace.rs:154:18
  13: std::rt::lang_start::{{closure}}
  14: core::ops::function::impls::<impl core::ops::function::FnOnce<A> for &F>::call_once
             at /rustc/f6e511eec7342f59a25f7c0534f1dbea00d01b14/library/core/src/ops/function.rs:284:13
  15: std::panicking::try::do_call
             at /rustc/f6e511eec7342f59a25f7c0534f1dbea00d01b14/library/std/src/panicking.rs:554:40
  16: std::panicking::try
             at /rustc/f6e511eec7342f59a25f7c0534f1dbea00d01b14/library/std/src/panicking.rs:518:19
  17: std::panic::catch_unwind
             at /rustc/f6e511eec7342f59a25f7c0534f1dbea00d01b14/library/std/src/panic.rs:345:14
  18: std::rt::lang_start_internal::{{closure}}
             at /rustc/f6e511eec7342f59a25f7c0534f1dbea00d01b14/library/std/src/rt.rs:143:48
  19: std::panicking::try::do_call
             at /rustc/f6e511eec7342f59a25f7c0534f1dbea00d01b14/library/std/src/panicking.rs:554:40
  20: std::panicking::try
             at /rustc/f6e511eec7342f59a25f7c0534f1dbea00d01b14/library/std/src/panicking.rs:518:19
  21: std::panic::catch_unwind
             at /rustc/f6e511eec7342f59a25f7c0534f1dbea00d01b14/library/std/src/panic.rs:345:14
  22: std::rt::lang_start_internal
             at /rustc/f6e511eec7342f59a25f7c0534f1dbea00d01b14/library/std/src/rt.rs:143:20
  23: _main
