[* 0:cut_all] Cutting all shapes by hyperplane n=(0, 0.7071067811865476, 0.7071067811865476) d=1.4142135623730954
  [0:cut_all] ? inside = KEEP (data = 0)
  [0:cut_all] ? outside = REMOVE
  [* 1:cut] Cutting shape #0
    [1:cut] Manifold is split (2D+)
    [1:cut] ? self_boundary_of_inside = []
    [1:cut] ? self_boundary_of_outside = []
    [1:cut] ? intersection_boundary = []
    [1:cut] ? intersection_shape = None
    [1:cut] `shape ∩ boundary(cut)` is nonempty (case 3)
    [1:cut] `intersection_shape` does not yet exist, but should be nonempty
    [* 2:add] Adding shape
      [2:add] ? manifold = hyperplane n=(0, 0.7071067811865476, 0.7071067811865476) d=1.4142135623730954
      [2:add] ? boundary = []
      [2:add] ? id = 1
    [# 2:add] end
    [1:cut] Adding common boundary to inside and outside
    [1:cut] Constructing inside shape
    [* 3:add_subshape] Adding subshape
      [3:add_subshape] ? old_shape = #0
      [3:add_subshape] ? new_boundary = [+#1]
      [3:add_subshape] creating new shape
      [* 4:add] Adding shape
        [4:add] ? manifold = whole space 1 Exyz
        [4:add] ? boundary = [+#1]
        [4:add] ? id = 2
      [# 4:add] end
    [# 3:add_subshape] end
    [1:cut] Constructing outside shape
    [* 5:add_subshape] Adding subshape
      [5:add_subshape] ? old_shape = #0
      [5:add_subshape] ? new_boundary = [-#1]
      [5:add_subshape] creating new shape
      [* 6:add] Adding shape
        [6:add] ? manifold = whole space 1 Exyz
        [6:add] ? boundary = [-#1]
        [6:add] ? id = 3
      [# 6:add] end
    [# 5:add_subshape] end
    [1:cut] ? inside = +#2
    [1:cut] ? outside = +#3
    [1:cut] ? intersection_shape = +#1
  [# 1:cut] end
  [0:cut_all] Adding inside shape +#2 as root
  [0:cut_all] Ignoring outside shape +#3
[# 0:cut_all] end
[* 7:cut_all] Cutting all shapes by hyperplane n=(-0.7071067811865476, 0, 0.7071067811865476) d=1.4142135623730954
  [7:cut_all] ? inside = KEEP (data = 1)
  [7:cut_all] ? outside = REMOVE
  [* 8:cut] Cutting shape #2
    [8:cut] Manifold is split (2D+)
    [* 9:cut] Cutting shape #1
      [9:cut] Manifold is split (2D+)
      [9:cut] ? self_boundary_of_inside = []
      [9:cut] ? self_boundary_of_outside = []
      [9:cut] ? intersection_boundary = []
      [9:cut] ? intersection_shape = None
      [9:cut] Simplifying boundary of 1D intersection
      [* 10:simplify_intervals] Simplifying intervals intersection
        [10:simplify_intervals] ? space = 0.4999999999999999 Ex + -0.4999999999999999 Ey + 0.4999999999999999 Ez + 1 ∞ xz + -1 ∞ yz
        [10:simplify_intervals] ? simplified = []
      [# 10:simplify_intervals] end
      [9:cut] `shape ∩ boundary(cut)` is nonempty (case 3)
      [9:cut] `intersection_shape` does not yet exist, but should be nonempty
      [* 11:add] Adding shape
        [11:add] ? manifold = 0.4999999999999999 Ex + -0.4999999999999999 Ey + 0.4999999999999999 Ez + 1 ∞ xz + -1 ∞ yz
        [11:add] ? boundary = []
        [11:add] ? id = 4
      [# 11:add] end
      [9:cut] Adding common boundary to inside and outside
      [9:cut] Constructing inside shape
      [* 12:add_subshape] Adding subshape
        [12:add_subshape] ? old_shape = #1
        [12:add_subshape] ? new_boundary = [+#4]
        [12:add_subshape] creating new shape
        [* 13:add] Adding shape
          [13:add] ? manifold = hyperplane n=(0, 0.7071067811865476, 0.7071067811865476) d=1.4142135623730954
          [13:add] ? boundary = [+#4]
          [13:add] ? id = 5
        [# 13:add] end
      [# 12:add_subshape] end
      [9:cut] Constructing outside shape
      [* 14:add_subshape] Adding subshape
        [14:add_subshape] ? old_shape = #1
        [14:add_subshape] ? new_boundary = [-#4]
        [14:add_subshape] creating new shape
        [* 15:add] Adding shape
          [15:add] ? manifold = hyperplane n=(0, 0.7071067811865476, 0.7071067811865476) d=1.4142135623730954
          [15:add] ? boundary = [-#4]
          [15:add] ? id = 6
        [# 15:add] end
      [# 14:add_subshape] end
      [9:cut] ? inside = +#5
      [9:cut] ? outside = +#6
      [9:cut] ? intersection_shape = +#4
    [# 9:cut] end
    [8:cut] ? self_boundary_of_inside = [+#5]
    [8:cut] ? self_boundary_of_outside = [+#6]
    [8:cut] ? intersection_boundary = [-#4]
    [8:cut] ? intersection_shape = None
    [8:cut] `shape ∩ boundary(cut)` is nonempty (case 2)
    [8:cut] `intersection_shape` does not yet exist, but should be nonempty
    [* 16:add] Adding shape
      [16:add] ? manifold = hyperplane n=(-0.7071067811865476, 0, 0.7071067811865476) d=1.4142135623730954
      [16:add] ? boundary = [-#4]
      [16:add] ? id = 7
    [# 16:add] end
    [8:cut] Adding common boundary to inside and outside
    [8:cut] Constructing inside shape
    [* 17:add_subshape] Adding subshape
      [17:add_subshape] ? old_shape = #2
      [17:add_subshape] ? new_boundary = [+#5, +#7]
      [17:add_subshape] creating new shape
      [* 18:add] Adding shape
        [18:add] ? manifold = whole space 1 Exyz
        [18:add] ? boundary = [+#5, +#7]
        [18:add] ? id = 8
      [# 18:add] end
    [# 17:add_subshape] end
    [8:cut] Constructing outside shape
    [* 19:add_subshape] Adding subshape
      [19:add_subshape] ? old_shape = #2
      [19:add_subshape] ? new_boundary = [+#6, -#7]
      [19:add_subshape] creating new shape
      [* 20:add] Adding shape
        [20:add] ? manifold = whole space 1 Exyz
        [20:add] ? boundary = [+#6, -#7]
        [20:add] ? id = 9
      [# 20:add] end
    [# 19:add_subshape] end
    [8:cut] ? inside = +#8
    [8:cut] ? outside = +#9
    [8:cut] ? intersection_shape = +#7
  [# 8:cut] end
  [7:cut_all] Adding inside shape +#8 as root
  [7:cut_all] Ignoring outside shape +#9
[# 7:cut_all] end
[* 21:cut_all] Cutting all shapes by hyperplane n=(0, 0.7071067811865476, -0.7071067811865476) d=1.4142135623730954
  [21:cut_all] ? inside = KEEP (data = 2)
  [21:cut_all] ? outside = REMOVE
  [* 22:cut] Cutting shape #8
    [22:cut] Manifold is split (2D+)
    [* 23:cut] Cutting shape #5
      [23:cut] Manifold is split (2D+)
      [* 24:cut] Cutting shape #4
        [24:cut] Manifold is split (1D)
        [24:cut] Adding intersection shape point pair
        [* 25:add] Adding shape
          [25:add] ? manifold = point pair (-2.0000000000000004, 2.0000000000000004) .. ∞ 
          [25:add] ? boundary = []
          [25:add] ? id = 10
        [# 25:add] end
        [24:cut] ? intersection_shape = +#10
        [24:cut] Simplifying inside boundary
        [* 26:simplify_intervals_incremental] Adding simplified intersecting intervals
          [26:simplify_intervals_incremental] ? existing_intervals = []
          [26:simplify_intervals_incremental] ? new_interval = +#10
          [26:simplify_intervals_incremental] ? space = 0.4999999999999999 Ex + -0.4999999999999999 Ey + 0.4999999999999999 Ez + 1 ∞ xz + -1 ∞ yz
        [# 26:simplify_intervals_incremental] end
        [24:cut] Adding inside shape
        [* 27:add_subshape] Adding subshape
          [27:add_subshape] ? old_shape = #4
          [27:add_subshape] ? new_boundary = [+#10]
          [27:add_subshape] creating new shape
          [* 28:add] Adding shape
            [28:add] ? manifold = 0.4999999999999999 Ex + -0.4999999999999999 Ey + 0.4999999999999999 Ez + 1 ∞ xz + -1 ∞ yz
            [28:add] ? boundary = [+#10]
            [28:add] ? id = 11
          [# 28:add] end
        [# 27:add_subshape] end
        [24:cut] Simplifying outside boundary
        [* 29:simplify_intervals_incremental] Adding simplified intersecting intervals
          [29:simplify_intervals_incremental] ? existing_intervals = []
          [29:simplify_intervals_incremental] ? new_interval = -#10
          [29:simplify_intervals_incremental] ? space = 0.4999999999999999 Ex + -0.4999999999999999 Ey + 0.4999999999999999 Ez + 1 ∞ xz + -1 ∞ yz
        [# 29:simplify_intervals_incremental] end
        [24:cut] Adding outside shape
        [* 30:add_subshape] Adding subshape
          [30:add_subshape] ? old_shape = #4
          [30:add_subshape] ? new_boundary = [-#10]
          [30:add_subshape] creating new shape
          [* 31:add] Adding shape
            [31:add] ? manifold = 0.4999999999999999 Ex + -0.4999999999999999 Ey + 0.4999999999999999 Ez + 1 ∞ xz + -1 ∞ yz
            [31:add] ? boundary = [-#10]
            [31:add] ? id = 12
          [# 31:add] end
        [# 30:add_subshape] end
      [# 24:cut] end
      [23:cut] ? self_boundary_of_inside = [+#11]
      [23:cut] ? self_boundary_of_outside = [+#12]
      [23:cut] ? intersection_boundary = [-#10]
      [23:cut] ? intersection_shape = None
      [23:cut] Simplifying boundary of 1D intersection
      [* 32:simplify_intervals] Simplifying intervals intersection
        [32:simplify_intervals] ? space = -0.9999999999999998 Ex + -2 ∞ xy
        [32:simplify_intervals] ? interval = -#10
        [* 33:simplify_intervals_incremental] Adding simplified intersecting intervals
          [33:simplify_intervals_incremental] ? existing_intervals = []
          [33:simplify_intervals_incremental] ? new_interval = -#10
          [33:simplify_intervals_incremental] ? space = -0.9999999999999998 Ex + -2 ∞ xy
        [# 33:simplify_intervals_incremental] end
        [32:simplify_intervals] ? simplified = [-#10]
      [# 32:simplify_intervals] end
      [23:cut] `shape ∩ boundary(cut)` is nonempty (case 2)
      [23:cut] `intersection_shape` does not yet exist, but should be nonempty
      [* 34:add] Adding shape
        [34:add] ? manifold = -0.9999999999999998 Ex + -2 ∞ xy
        [34:add] ? boundary = [-#10]
        [34:add] ? id = 13
      [# 34:add] end
      [23:cut] Adding common boundary to inside and outside
      [23:cut] Constructing inside shape
      [* 35:add_subshape] Adding subshape
        [35:add_subshape] ? old_shape = #5
        [35:add_subshape] ? new_boundary = [+#11, +#13]
        [35:add_subshape] creating new shape
        [* 36:add] Adding shape
          [36:add] ? manifold = hyperplane n=(0, 0.7071067811865476, 0.7071067811865476) d=1.4142135623730954
          [36:add] ? boundary = [+#11, +#13]
          [36:add] ? id = 14
        [# 36:add] end
      [# 35:add_subshape] end
      [23:cut] Constructing outside shape
      [* 37:add_subshape] Adding subshape
        [37:add_subshape] ? old_shape = #5
        [37:add_subshape] ? new_boundary = [+#12, -#13]
        [37:add_subshape] creating new shape
        [* 38:add] Adding shape
          [38:add] ? manifold = hyperplane n=(0, 0.7071067811865476, 0.7071067811865476) d=1.4142135623730954
          [38:add] ? boundary = [+#12, -#13]
          [38:add] ? id = 15
        [# 38:add] end
      [# 37:add_subshape] end
      [23:cut] ? inside = +#14
      [23:cut] ? outside = +#15
      [23:cut] ? intersection_shape = +#13
    [# 23:cut] end
    [* 39:cut] Cutting shape #7
      [39:cut] Manifold is split (2D+)
      [* 40:cached_split_result] Using cached split result for -#4
        [40:cached_split_result] ? result = NonFlush { inside: +#11, outside: +#12, intersection_shape: +#10 }
      [# 40:cached_split_result] end
      [39:cut] ? self_boundary_of_inside = [-#11]
      [39:cut] ? self_boundary_of_outside = [-#12]
      [39:cut] ? intersection_boundary = [+#10]
      [39:cut] ? intersection_shape = None
      [39:cut] Simplifying boundary of 1D intersection
      [* 41:simplify_intervals] Simplifying intervals intersection
        [41:simplify_intervals] ? space = -0.4999999999999999 Ex + -0.4999999999999999 Ey + -2 ∞ xy + -0.4999999999999999 Ez + -1 ∞ xz + 1 ∞ yz
        [41:simplify_intervals] ? interval = +#10
        [* 42:simplify_intervals_incremental] Adding simplified intersecting intervals
          [42:simplify_intervals_incremental] ? existing_intervals = []
          [42:simplify_intervals_incremental] ? new_interval = +#10
          [42:simplify_intervals_incremental] ? space = -0.4999999999999999 Ex + -0.4999999999999999 Ey + -2 ∞ xy + -0.4999999999999999 Ez + -1 ∞ xz + 1 ∞ yz
        [# 42:simplify_intervals_incremental] end
        [41:simplify_intervals] ? simplified = [+#10]
      [# 41:simplify_intervals] end
      [39:cut] `shape ∩ boundary(cut)` is nonempty (case 2)
      [39:cut] `intersection_shape` does not yet exist, but should be nonempty
      [* 43:add] Adding shape
        [43:add] ? manifold = -0.4999999999999999 Ex + -0.4999999999999999 Ey + -2 ∞ xy + -0.4999999999999999 Ez + -1 ∞ xz + 1 ∞ yz
        [43:add] ? boundary = [+#10]
        [43:add] ? id = 16
      [# 43:add] end
      [39:cut] Adding common boundary to inside and outside
      [39:cut] Constructing inside shape
      [* 44:add_subshape] Adding subshape
        [44:add_subshape] ? old_shape = #7
        [44:add_subshape] ? new_boundary = [-#11, +#16]
        [44:add_subshape] creating new shape
        [* 45:add] Adding shape
          [45:add] ? manifold = hyperplane n=(-0.7071067811865476, 0, 0.7071067811865476) d=1.4142135623730954
          [45:add] ? boundary = [-#11, +#16]
          [45:add] ? id = 17
        [# 45:add] end
      [# 44:add_subshape] end
      [39:cut] Constructing outside shape
      [* 46:add_subshape] Adding subshape
        [46:add_subshape] ? old_shape = #7
        [46:add_subshape] ? new_boundary = [-#12, -#16]
        [46:add_subshape] creating new shape
        [* 47:add] Adding shape
          [47:add] ? manifold = hyperplane n=(-0.7071067811865476, 0, 0.7071067811865476) d=1.4142135623730954
          [47:add] ? boundary = [-#12, -#16]
          [47:add] ? id = 18
        [# 47:add] end
      [# 46:add_subshape] end
      [39:cut] ? inside = +#17
      [39:cut] ? outside = +#18
      [39:cut] ? intersection_shape = +#16
    [# 39:cut] end
    [22:cut] ? self_boundary_of_inside = [+#14, +#17]
    [22:cut] ? self_boundary_of_outside = [+#15, +#18]
    [22:cut] ? intersection_boundary = [-#13, -#16]
    [22:cut] ? intersection_shape = None
    [22:cut] `shape ∩ boundary(cut)` is nonempty (case 2)
    [22:cut] `intersection_shape` does not yet exist, but should be nonempty
    [* 48:add] Adding shape
      [48:add] ? manifold = hyperplane n=(0, 0.7071067811865476, -0.7071067811865476) d=1.4142135623730954
      [48:add] ? boundary = [-#13, -#16]
      [48:add] ? id = 19
    [# 48:add] end
    [22:cut] Adding common boundary to inside and outside
    [22:cut] Constructing inside shape
    [* 49:add_subshape] Adding subshape
      [49:add_subshape] ? old_shape = #8
      [49:add_subshape] ? new_boundary = [+#14, +#17, +#19]
      [49:add_subshape] creating new shape
      [* 50:add] Adding shape
        [50:add] ? manifold = whole space 1 Exyz
        [50:add] ? boundary = [+#14, +#17, +#19]
        [50:add] ? id = 20
      [# 50:add] end
    [# 49:add_subshape] end
    [22:cut] Constructing outside shape
    [* 51:add_subshape] Adding subshape
      [51:add_subshape] ? old_shape = #8
      [51:add_subshape] ? new_boundary = [+#15, +#18, -#19]
      [51:add_subshape] creating new shape
      [* 52:add] Adding shape
        [52:add] ? manifold = whole space 1 Exyz
        [52:add] ? boundary = [+#15, +#18, -#19]
        [52:add] ? id = 21
      [# 52:add] end
    [# 51:add_subshape] end
    [22:cut] ? inside = +#20
    [22:cut] ? outside = +#21
    [22:cut] ? intersection_shape = +#19
  [# 22:cut] end
  [21:cut_all] Adding inside shape +#20 as root
  [21:cut_all] Ignoring outside shape +#21
[# 21:cut_all] end
[* 53:cut_all] Cutting all shapes by hyperplane n=(0.7071067811865476, 0, 0.7071067811865476) d=1.4142135623730954
  [53:cut_all] ? inside = KEEP (data = 3)
  [53:cut_all] ? outside = REMOVE
  [* 54:cut] Cutting shape #20
    [54:cut] Manifold is split (2D+)
    [* 55:cut] Cutting shape #14
      [55:cut] Manifold is split (2D+)
      [* 56:cut] Cutting shape #11
        [56:cut] Manifold is split (1D)
        [56:cut] Adding intersection shape point pair
        [* 57:add] Adding shape
          [57:add] ? manifold = point pair ∞  .. (-0, -0, 2.0000000000000004)
          [57:add] ? boundary = []
          [57:add] ? id = 22
        [# 57:add] end
        [56:cut] ? intersection_shape = +#22
        [56:cut] Simplifying inside boundary
        [* 58:simplify_intervals_incremental] Adding simplified intersecting intervals
          [58:simplify_intervals_incremental] ? existing_intervals = [+#10]
          [58:simplify_intervals_incremental] ? new_interval = +#22
          [58:simplify_intervals_incremental] ? space = 0.4999999999999999 Ex + -0.4999999999999999 Ey + 0.4999999999999999 Ez + 1 ∞ xz + -1 ∞ yz
          [* 59:interval_result] Outside
          [* 60:interval_result] On
          [* 61:interval_result] On
          [* 62:interval_result] Outside
          [* 63:add] Adding shape
            [63:add] ? manifold = point pair (-2.0000000000000018, 2.0000000000000018) .. (-0, -0, 2.0000000000000013)
            [63:add] ? boundary = []
            [63:add] ? id = 23
          [# 63:add] end
        [# 58:simplify_intervals_incremental] end
        [56:cut] Adding inside shape
        [* 64:add_subshape] Adding subshape
          [64:add_subshape] ? old_shape = #11
          [64:add_subshape] ? new_boundary = [+#23]
          [64:add_subshape] creating new shape
          [* 65:add] Adding shape
            [65:add] ? manifold = 0.4999999999999999 Ex + -0.4999999999999999 Ey + 0.4999999999999999 Ez + 1 ∞ xz + -1 ∞ yz
            [65:add] ? boundary = [+#23]
            [65:add] ? id = 24
          [# 65:add] end
        [# 64:add_subshape] end
        [56:cut] Simplifying outside boundary
        [* 66:simplify_intervals_incremental] Adding simplified intersecting intervals
          [66:simplify_intervals_incremental] ? existing_intervals = [+#10]
          [66:simplify_intervals_incremental] ? new_interval = -#22
          [66:simplify_intervals_incremental] ? space = 0.4999999999999999 Ex + -0.4999999999999999 Ey + 0.4999999999999999 Ez + 1 ∞ xz + -1 ∞ yz
          [* 67:interval_result] On
          [* 68:interval_result] Outside
          [* 69:interval_result] On
          [* 70:interval_result] Inside
        [# 66:simplify_intervals_incremental] end
        [56:cut] Adding outside shape
        [* 71:add_subshape] Adding subshape
          [71:add_subshape] ? old_shape = #11
          [71:add_subshape] ? new_boundary = [-#22]
          [71:add_subshape] creating new shape
          [* 72:add] Adding shape
            [72:add] ? manifold = 0.4999999999999999 Ex + -0.4999999999999999 Ey + 0.4999999999999999 Ez + 1 ∞ xz + -1 ∞ yz
            [72:add] ? boundary = [-#22]
            [72:add] ? id = 25
          [# 72:add] end
        [# 71:add_subshape] end
      [# 56:cut] end
      [* 73:cut] Cutting shape #13
        [73:cut] Manifold is split (1D)
        [73:cut] Adding intersection shape point pair
        [* 74:add] Adding shape
          [74:add] ? manifold = point pair (2.0000000000000004, 2.0000000000000004) .. ∞ 
          [74:add] ? boundary = []
          [74:add] ? id = 26
        [# 74:add] end
        [73:cut] ? intersection_shape = +#26
        [73:cut] Simplifying inside boundary
        [* 75:simplify_intervals_incremental] Adding simplified intersecting intervals
          [75:simplify_intervals_incremental] ? existing_intervals = [-#10]
          [75:simplify_intervals_incremental] ? new_interval = +#26
          [75:simplify_intervals_incremental] ? space = -0.9999999999999998 Ex + -2 ∞ xy
          [* 76:interval_result] On
          [* 77:interval_result] Outside
          [* 78:interval_result] Outside
          [* 79:interval_result] On
          [* 80:add] Adding shape
            [80:add] ? manifold = point pair (2.0000000000000004, 2.000000000000001) .. (-2.0000000000000004, 2.000000000000001)
            [80:add] ? boundary = []
            [80:add] ? id = 27
          [# 80:add] end
        [# 75:simplify_intervals_incremental] end
        [73:cut] Adding inside shape
        [* 81:add_subshape] Adding subshape
          [81:add_subshape] ? old_shape = #13
          [81:add_subshape] ? new_boundary = [+#27]
          [81:add_subshape] creating new shape
          [* 82:add] Adding shape
            [82:add] ? manifold = -0.9999999999999998 Ex + -2 ∞ xy
            [82:add] ? boundary = [+#27]
            [82:add] ? id = 28
          [# 82:add] end
        [# 81:add_subshape] end
        [73:cut] Simplifying outside boundary
        [* 83:simplify_intervals_incremental] Adding simplified intersecting intervals
          [83:simplify_intervals_incremental] ? existing_intervals = [-#10]
          [83:simplify_intervals_incremental] ? new_interval = -#26
          [83:simplify_intervals_incremental] ? space = -0.9999999999999998 Ex + -2 ∞ xy
          [* 84:interval_result] Outside
          [* 85:interval_result] On
          [* 86:interval_result] Inside
          [* 87:interval_result] On
        [# 83:simplify_intervals_incremental] end
        [73:cut] Adding outside shape
        [* 88:add_subshape] Adding subshape
          [88:add_subshape] ? old_shape = #13
          [88:add_subshape] ? new_boundary = [-#26]
          [88:add_subshape] creating new shape
          [* 89:add] Adding shape
            [89:add] ? manifold = -0.9999999999999998 Ex + -2 ∞ xy
            [89:add] ? boundary = [-#26]
            [89:add] ? id = 29
          [# 89:add] end
        [# 88:add_subshape] end
      [# 73:cut] end
      [55:cut] ? self_boundary_of_inside = [+#24, +#28]
      [55:cut] ? self_boundary_of_outside = [+#25, +#29]
      [55:cut] ? intersection_boundary = [-#22, -#26]
      [55:cut] ? intersection_shape = None
      [55:cut] Simplifying boundary of 1D intersection
      [* 90:simplify_intervals] Simplifying intervals intersection
        [90:simplify_intervals] ? space = 0.4999999999999999 Ex + 0.4999999999999999 Ey + -0.4999999999999999 Ez + 1 ∞ xz + 1 ∞ yz
        [90:simplify_intervals] ? interval = -#22
        [* 91:simplify_intervals_incremental] Adding simplified intersecting intervals
          [91:simplify_intervals_incremental] ? existing_intervals = []
          [91:simplify_intervals_incremental] ? new_interval = -#22
          [91:simplify_intervals_incremental] ? space = 0.4999999999999999 Ex + 0.4999999999999999 Ey + -0.4999999999999999 Ez + 1 ∞ xz + 1 ∞ yz
        [# 91:simplify_intervals_incremental] end
        [90:simplify_intervals] ? interval = -#26
        [* 92:simplify_intervals_incremental] Adding simplified intersecting intervals
          [92:simplify_intervals_incremental] ? existing_intervals = [-#22]
          [92:simplify_intervals_incremental] ? new_interval = -#26
          [92:simplify_intervals_incremental] ? space = 0.4999999999999999 Ex + 0.4999999999999999 Ey + -0.4999999999999999 Ez + 1 ∞ xz + 1 ∞ yz
          [* 93:interval_result] Outside
          [* 94:interval_result] On
          [* 95:interval_result] On
          [* 96:interval_result] Outside
          [* 97:add] Adding shape
            [97:add] ? manifold = point pair (-0, -0, 2.0000000000000013) .. (2.0000000000000018, 2.0000000000000018)
            [97:add] ? boundary = []
            [97:add] ? id = 30
          [# 97:add] end
        [# 92:simplify_intervals_incremental] end
        [90:simplify_intervals] ? simplified = [+#30]
      [# 90:simplify_intervals] end
      [55:cut] `shape ∩ boundary(cut)` is nonempty (case 2)
      [55:cut] `intersection_shape` does not yet exist, but should be nonempty
      [* 98:add] Adding shape
        [98:add] ? manifold = 0.4999999999999999 Ex + 0.4999999999999999 Ey + -0.4999999999999999 Ez + 1 ∞ xz + 1 ∞ yz
        [98:add] ? boundary = [+#30]
        [98:add] ? id = 31
      [# 98:add] end
      [55:cut] Adding common boundary to inside and outside
      [55:cut] Constructing inside shape
      [* 99:add_subshape] Adding subshape
        [99:add_subshape] ? old_shape = #14
        [99:add_subshape] ? new_boundary = [+#24, +#28, +#31]
        [99:add_subshape] creating new shape
        [* 100:add] Adding shape
          [100:add] ? manifold = hyperplane n=(0, 0.7071067811865476, 0.7071067811865476) d=1.4142135623730954
          [100:add] ? boundary = [+#24, +#28, +#31]
          [100:add] ? id = 32
        [# 100:add] end
      [# 99:add_subshape] end
      [55:cut] Constructing outside shape
      [* 101:add_subshape] Adding subshape
        [101:add_subshape] ? old_shape = #14
        [101:add_subshape] ? new_boundary = [+#25, +#29, -#31]
        [101:add_subshape] creating new shape
        [* 102:add] Adding shape
          [102:add] ? manifold = hyperplane n=(0, 0.7071067811865476, 0.7071067811865476) d=1.4142135623730954
          [102:add] ? boundary = [+#25, +#29, -#31]
          [102:add] ? id = 33
        [# 102:add] end
      [# 101:add_subshape] end
      [55:cut] ? inside = +#32
      [55:cut] ? outside = +#33
      [55:cut] ? intersection_shape = +#31
    [# 55:cut] end
    [* 103:cut] Cutting shape #17
      [103:cut] Manifold is split (2D+)
      [* 104:cached_split_result] Using cached split result for -#11
        [104:cached_split_result] ? result = NonFlush { inside: +#24, outside: +#25, intersection_shape: +#22 }
      [# 104:cached_split_result] end
      [* 105:cut] Cutting shape #16
        [105:cut] Manifold is split (1D)
        [105:cut] Adding intersection shape point pair
        [* 106:add] Adding shape
          [106:add] ? manifold = point pair (0, 4.000000000000001, 2.0000000000000004) .. ∞ 
          [106:add] ? boundary = []
          [106:add] ? id = 34
        [# 106:add] end
        [105:cut] ? intersection_shape = +#34
        [105:cut] Simplifying inside boundary
        [* 107:simplify_intervals_incremental] Adding simplified intersecting intervals
          [107:simplify_intervals_incremental] ? existing_intervals = [+#10]
          [107:simplify_intervals_incremental] ? new_interval = +#34
          [107:simplify_intervals_incremental] ? space = -0.4999999999999999 Ex + -0.4999999999999999 Ey + -2 ∞ xy + -0.4999999999999999 Ez + -1 ∞ xz + 1 ∞ yz
          [* 108:interval_result] On
          [* 109:interval_result] Inside
          [* 110:interval_result] On
          [* 111:interval_result] Outside
        [# 107:simplify_intervals_incremental] end
        [105:cut] Adding inside shape
        [* 112:add_subshape] Adding subshape
          [112:add_subshape] ? old_shape = #16
          [112:add_subshape] ? new_boundary = [+#10]
          [112:add_subshape] same as existing shape
        [# 112:add_subshape] end
        [105:cut] Simplifying outside boundary
        [* 113:simplify_intervals_incremental] Adding simplified intersecting intervals
          [113:simplify_intervals_incremental] ? existing_intervals = [+#10]
          [113:simplify_intervals_incremental] ? new_interval = -#34
          [113:simplify_intervals_incremental] ? space = -0.4999999999999999 Ex + -0.4999999999999999 Ey + -2 ∞ xy + -0.4999999999999999 Ez + -1 ∞ xz + 1 ∞ yz
          [* 114:interval_result] Inside
          [* 115:interval_result] On
          [* 116:interval_result] On
          [* 117:interval_result] Inside
        [# 113:simplify_intervals_incremental] end
        [105:cut] No outside shape
      [# 105:cut] end
      [103:cut] ? self_boundary_of_inside = [+#16, -#24]
      [103:cut] ? self_boundary_of_outside = [-#25]
      [103:cut] ? intersection_boundary = [+#22, -#34]
      [103:cut] ? intersection_shape = None
      [103:cut] Simplifying boundary of 1D intersection
      [* 118:simplify_intervals] Simplifying intervals intersection
        [118:simplify_intervals] ? space = 0.9999999999999998 Ey + 2 ∞ yz
        [118:simplify_intervals] ? interval = +#22
        [* 119:simplify_intervals_incremental] Adding simplified intersecting intervals
          [119:simplify_intervals_incremental] ? existing_intervals = []
          [119:simplify_intervals_incremental] ? new_interval = +#22
          [119:simplify_intervals_incremental] ? space = 0.9999999999999998 Ey + 2 ∞ yz
        [# 119:simplify_intervals_incremental] end
        [118:simplify_intervals] ? interval = -#34
        [* 120:simplify_intervals_incremental] Adding simplified intersecting intervals
          [120:simplify_intervals_incremental] ? existing_intervals = [+#22]
          [120:simplify_intervals_incremental] ? new_interval = -#34
          [120:simplify_intervals_incremental] ? space = 0.9999999999999998 Ey + 2 ∞ yz
          [* 121:interval_result] Inside
          [* 122:interval_result] On
          [* 123:interval_result] Outside
          [* 124:interval_result] On
        [# 120:simplify_intervals_incremental] end
        [118:simplify_intervals] ? simplified = [+#22]
      [# 118:simplify_intervals] end
      [103:cut] `shape ∩ boundary(cut)` is nonempty (case 2)
      [103:cut] `intersection_shape` does not yet exist, but should be nonempty
      [* 125:add] Adding shape
        [125:add] ? manifold = 0.9999999999999998 Ey + 2 ∞ yz
        [125:add] ? boundary = [+#22]
        [125:add] ? id = 35
      [# 125:add] end
      [103:cut] Adding common boundary to inside and outside
      [103:cut] Constructing inside shape
      [* 126:add_subshape] Adding subshape
        [126:add_subshape] ? old_shape = #17
        [126:add_subshape] ? new_boundary = [+#16, -#24, +#35]
        [126:add_subshape] creating new shape
        [* 127:add] Adding shape
          [127:add] ? manifold = hyperplane n=(-0.7071067811865476, 0, 0.7071067811865476) d=1.4142135623730954
          [127:add] ? boundary = [+#16, -#24, +#35]
          [127:add] ? id = 36
        [# 127:add] end
      [# 126:add_subshape] end
      [103:cut] Constructing outside shape
      [* 128:add_subshape] Adding subshape
        [128:add_subshape] ? old_shape = #17
        [128:add_subshape] ? new_boundary = [-#25, -#35]
        [128:add_subshape] creating new shape
        [* 129:add] Adding shape
          [129:add] ? manifold = hyperplane n=(-0.7071067811865476, 0, 0.7071067811865476) d=1.4142135623730954
          [129:add] ? boundary = [-#25, -#35]
          [129:add] ? id = 37
        [# 129:add] end
      [# 128:add_subshape] end
      [103:cut] ? inside = +#36
      [103:cut] ? outside = +#37
      [103:cut] ? intersection_shape = +#35
    [# 103:cut] end
    [* 130:cut] Cutting shape #19
      [130:cut] Manifold is split (2D+)
      [* 131:cached_split_result] Using cached split result for -#13
        [131:cached_split_result] ? result = NonFlush { inside: +#28, outside: +#29, intersection_shape: +#26 }
      [# 131:cached_split_result] end
      [* 132:cached_split_result] Using cached split result for -#16
        [132:cached_split_result] ? result = NonFlush { inside: +#16, outside: <none>, intersection_shape: +#34 }
      [# 132:cached_split_result] end
      [130:cut] ? self_boundary_of_inside = [-#16, -#28]
      [130:cut] ? self_boundary_of_outside = [-#29]
      [130:cut] ? intersection_boundary = [+#26, +#34]
      [130:cut] ? intersection_shape = None
      [130:cut] Simplifying boundary of 1D intersection
      [* 133:simplify_intervals] Simplifying intervals intersection
        [133:simplify_intervals] ? space = 0.4999999999999999 Ex + -0.4999999999999999 Ey + 2 ∞ xy + -0.4999999999999999 Ez + 1 ∞ xz + 1 ∞ yz
        [133:simplify_intervals] ? interval = +#26
        [* 134:simplify_intervals_incremental] Adding simplified intersecting intervals
          [134:simplify_intervals_incremental] ? existing_intervals = []
          [134:simplify_intervals_incremental] ? new_interval = +#26
          [134:simplify_intervals_incremental] ? space = 0.4999999999999999 Ex + -0.4999999999999999 Ey + 2 ∞ xy + -0.4999999999999999 Ez + 1 ∞ xz + 1 ∞ yz
        [# 134:simplify_intervals_incremental] end
        [133:simplify_intervals] ? interval = +#34
        [* 135:simplify_intervals_incremental] Adding simplified intersecting intervals
          [135:simplify_intervals_incremental] ? existing_intervals = [+#26]
          [135:simplify_intervals_incremental] ? new_interval = +#34
          [135:simplify_intervals_incremental] ? space = 0.4999999999999999 Ex + -0.4999999999999999 Ey + 2 ∞ xy + -0.4999999999999999 Ez + 1 ∞ xz + 1 ∞ yz
          [* 136:interval_result] On
          [* 137:interval_result] Inside
          [* 138:interval_result] On
          [* 139:interval_result] Outside
        [# 135:simplify_intervals_incremental] end
        [133:simplify_intervals] ? simplified = [+#26]
      [# 133:simplify_intervals] end
      [130:cut] `shape ∩ boundary(cut)` is nonempty (case 2)
      [130:cut] `intersection_shape` does not yet exist, but should be nonempty
      [* 140:add] Adding shape
        [140:add] ? manifold = 0.4999999999999999 Ex + -0.4999999999999999 Ey + 2 ∞ xy + -0.4999999999999999 Ez + 1 ∞ xz + 1 ∞ yz
        [140:add] ? boundary = [+#26]
        [140:add] ? id = 38
      [# 140:add] end
      [130:cut] Adding common boundary to inside and outside
      [130:cut] Constructing inside shape
      [* 141:add_subshape] Adding subshape
        [141:add_subshape] ? old_shape = #19
        [141:add_subshape] ? new_boundary = [-#16, -#28, +#38]
        [141:add_subshape] creating new shape
        [* 142:add] Adding shape
          [142:add] ? manifold = hyperplane n=(0, 0.7071067811865476, -0.7071067811865476) d=1.4142135623730954
          [142:add] ? boundary = [-#16, -#28, +#38]
          [142:add] ? id = 39
        [# 142:add] end
      [# 141:add_subshape] end
      [130:cut] Constructing outside shape
      [* 143:add_subshape] Adding subshape
        [143:add_subshape] ? old_shape = #19
        [143:add_subshape] ? new_boundary = [-#29, -#38]
        [143:add_subshape] creating new shape
        [* 144:add] Adding shape
          [144:add] ? manifold = hyperplane n=(0, 0.7071067811865476, -0.7071067811865476) d=1.4142135623730954
          [144:add] ? boundary = [-#29, -#38]
          [144:add] ? id = 40
        [# 144:add] end
      [# 143:add_subshape] end
      [130:cut] ? inside = +#39
      [130:cut] ? outside = +#40
      [130:cut] ? intersection_shape = +#38
    [# 130:cut] end
    [54:cut] ? self_boundary_of_inside = [+#32, +#36, +#39]
    [54:cut] ? self_boundary_of_outside = [+#33, +#37, +#40]
    [54:cut] ? intersection_boundary = [-#31, -#35, -#38]
    [54:cut] ? intersection_shape = None
    [54:cut] `shape ∩ boundary(cut)` is nonempty (case 2)
    [54:cut] `intersection_shape` does not yet exist, but should be nonempty
    [* 145:add] Adding shape
      [145:add] ? manifold = hyperplane n=(0.7071067811865476, 0, 0.7071067811865476) d=1.4142135623730954
      [145:add] ? boundary = [-#31, -#35, -#38]
      [145:add] ? id = 41
    [# 145:add] end
    [54:cut] Adding common boundary to inside and outside
    [54:cut] Constructing inside shape
    [* 146:add_subshape] Adding subshape
      [146:add_subshape] ? old_shape = #20
      [146:add_subshape] ? new_boundary = [+#32, +#36, +#39, +#41]
      [146:add_subshape] creating new shape
      [* 147:add] Adding shape
        [147:add] ? manifold = whole space 1 Exyz
        [147:add] ? boundary = [+#32, +#36, +#39, +#41]
        [147:add] ? id = 42
      [# 147:add] end
    [# 146:add_subshape] end
    [54:cut] Constructing outside shape
    [* 148:add_subshape] Adding subshape
      [148:add_subshape] ? old_shape = #20
      [148:add_subshape] ? new_boundary = [+#33, +#37, +#40, -#41]
      [148:add_subshape] creating new shape
      [* 149:add] Adding shape
        [149:add] ? manifold = whole space 1 Exyz
        [149:add] ? boundary = [+#33, +#37, +#40, -#41]
        [149:add] ? id = 43
      [# 149:add] end
    [# 148:add_subshape] end
    [54:cut] ? inside = +#42
    [54:cut] ? outside = +#43
    [54:cut] ? intersection_shape = +#41
  [# 54:cut] end
  [53:cut_all] Adding inside shape +#42 as root
  [53:cut_all] Ignoring outside shape +#43
[# 53:cut_all] end
